c:\users\marcus\source\repos\asteroids\asteroids\debug\vc141.pdb
c:\users\marcus\source\repos\asteroids\asteroids\debug\vc141.idb
c:\users\marcus\source\repos\asteroids\asteroids\debug\point.obj
c:\users\marcus\source\repos\asteroids\asteroids\debug\vector.obj
c:\users\marcus\source\repos\asteroids\asteroids\debug\asteroids.obj
c:\users\marcus\source\repos\asteroids\asteroids\debug\uiinteract.obj
c:\users\marcus\source\repos\asteroids\asteroids\debug\uidraw.obj
c:\users\marcus\git\asteroids\asteroids\debug\vc141.pdb
c:\users\marcus\git\asteroids\asteroids\debug\vc141.idb
c:\users\marcus\git\asteroids\asteroids\debug\asteroids.obj
c:\users\marcus\git\asteroids\asteroids\debug\point.obj
c:\users\marcus\git\asteroids\asteroids\debug\uidraw.obj
c:\users\marcus\git\asteroids\asteroids\debug\uiinteract.obj
c:\users\marcus\git\asteroids\asteroids\debug\vector.obj
c:\users\marcus\source\repos\asteroids\debug\asteroids.exe
c:\users\marcus\source\repos\asteroids\debug\asteroids.ilk
c:\users\marcus\source\repos\asteroids\debug\asteroids.pdb
c:\users\marcus\git\asteroids\debug\asteroids.exe
c:\users\marcus\git\asteroids\debug\asteroids.ilk
c:\users\marcus\git\asteroids\debug\asteroids.pdb
c:\users\marcus\git\asteroids\asteroids\debug\asteroids.tlog\cl.command.1.tlog
c:\users\marcus\git\asteroids\asteroids\debug\asteroids.tlog\cl.read.1.tlog
c:\users\marcus\git\asteroids\asteroids\debug\asteroids.tlog\cl.write.1.tlog
c:\users\marcus\git\asteroids\asteroids\debug\asteroids.tlog\link.command.1.tlog
c:\users\marcus\git\asteroids\asteroids\debug\asteroids.tlog\link.read.1.tlog
c:\users\marcus\git\asteroids\asteroids\debug\asteroids.tlog\link.write.1.tlog
